<?xml version="1.0" encoding="UTF-8"?>
<!-- Generated by org.testng.reporters.JUnitReportReporter -->
<testsuite skipped="0" hostname="LAPTOP-SLGHCS3M" name="SpanItem" tests="1" failures="0" timestamp="09 May 2017 03:43:20 GMT" time="5.873" errors="0">
  <testcase name="spanItems" time="5.873" classname="SpanItem"/>
</testsuite> <!-- SpanItem -->
