<?xml version="1.0" encoding="UTF-8"?>
<!-- Generated by org.testng.reporters.JUnitReportReporter -->
<testsuite skipped="0" hostname="LAPTOP-SLGHCS3M" name="FileDataRead" tests="1" failures="0" timestamp="09 May 2017 03:45:40 GMT" time="0.016" errors="0">
  <testcase name="readDataFromFile" time="0.016" classname="FileDataRead"/>
</testsuite> <!-- FileDataRead -->
